<?xml version="1.0" encoding="UTF-8"?>
<testng-results ignored="0" total="1" passed="1" failed="0" skipped="0">
  <reporter-output>
  </reporter-output>
  <suite started-at="2022-12-09T17:10:53 IST" name="Default suite" finished-at="2022-12-09T17:10:57 IST" duration-ms="4034">
    <groups>
    </groups>
    <test started-at="2022-12-09T17:10:53 IST" name="Default test" finished-at="2022-12-09T17:10:57 IST" duration-ms="4034">
      <class name="TestCase.PostCommand">
        <test-method is-config="true" signature="setSpecification()[pri:0, instance:TestCase.PostCommand@2d710f1a]" started-at="2022-12-09T17:10:53 IST" name="setSpecification" finished-at="2022-12-09T17:10:54 IST" duration-ms="1056" status="PASS">
          <reporter-output>
          </reporter-output>
        </test-method> <!-- setSpecification -->
        <test-method signature="loginuser()[pri:1, instance:TestCase.PostCommand@2d710f1a]" started-at="2022-12-09T17:10:54 IST" name="loginuser" finished-at="2022-12-09T17:10:57 IST" duration-ms="2769" status="PASS">
          <reporter-output>
          </reporter-output>
        </test-method> <!-- loginuser -->
        <test-method is-config="true" signature="tearDown()[pri:0, instance:TestCase.PostCommand@2d710f1a]" started-at="2022-12-09T17:10:57 IST" name="tearDown" finished-at="2022-12-09T17:10:57 IST" duration-ms="1" status="PASS">
          <reporter-output>
          </reporter-output>
        </test-method> <!-- tearDown -->
        <test-method is-config="true" signature="closeReport()[pri:0, instance:TestCase.PostCommand@2d710f1a]" started-at="2022-12-09T17:10:57 IST" name="closeReport" finished-at="2022-12-09T17:10:57 IST" duration-ms="177" status="PASS">
          <reporter-output>
          </reporter-output>
        </test-method> <!-- closeReport -->
      </class> <!-- TestCase.PostCommand -->
    </test> <!-- Default test -->
  </suite> <!-- Default suite -->
</testng-results>
